Using pre-set license
Built from '2020.3/staging' branch; Version is '2020.3.20f1 (41c4e627c95f) revision 4310246'; Using compiler version '192528614'; Build Type 'Release'
OS: 'Windows 10 Home Single Language; OS build 19044.2130; Version 2009; 64bit' Language: 'en' Physical Memory: 16264 MB
BatchMode: 1, IsHumanControllingUs: 0, StartBugReporterOnCrash: 0, Is64bit: 1, IsPro: 0

COMMAND LINE ARGUMENTS:
C:\Program Files\Unity\Hub\Editor\2020.3.20f1\Editor\Unity.exe
-adb2
-batchMode
-noUpm
-name
AssetImportWorker0
-projectPath
C:/Users/Lenovo/Documents/HwRefactorCode/RedRunner-master
-logFile
Logs/AssetImportWorker0.log
-srvPort
50805
Successfully changed project path to: C:/Users/Lenovo/Documents/HwRefactorCode/RedRunner-master
C:/Users/Lenovo/Documents/HwRefactorCode/RedRunner-master
Using Asset Import Pipeline V2.
Refreshing native plugins compatible for Editor in 59.87 ms, found 2 plugins.
Preloading 0 native plugins for Editor in 0.00 ms.
Initialize engine version: 2020.3.20f1 (41c4e627c95f)
[Subsystems] Discovering subsystems at path C:/Program Files/Unity/Hub/Editor/2020.3.20f1/Editor/Data/Resources/UnitySubsystems
[Subsystems] Discovering subsystems at path C:/Users/Lenovo/Documents/HwRefactorCode/RedRunner-master/Assets
GfxDevice: creating device client; threaded=0
Direct3D:
    Version:  Direct3D 11.0 [level 11.1]
    Renderer: NVIDIA GeForce GTX 1650 (ID=0x1f91)
    Vendor:   
    VRAM:     3962 MB
    Driver:   30.0.14.9649
Initialize mono
Mono path[0] = 'C:/Program Files/Unity/Hub/Editor/2020.3.20f1/Editor/Data/Managed'
Mono path[1] = 'C:/Program Files/Unity/Hub/Editor/2020.3.20f1/Editor/Data/MonoBleedingEdge/lib/mono/unityjit'
Mono config path = 'C:/Program Files/Unity/Hub/Editor/2020.3.20f1/Editor/Data/MonoBleedingEdge/etc'
Using monoOptions --debugger-agent=transport=dt_socket,embedding=1,server=y,suspend=n,address=127.0.0.1:56484
Begin MonoManager ReloadAssembly
Registering precompiled unity dll's ...
Register platform support module: C:/Program Files/Unity/Hub/Editor/2020.3.20f1/Editor/Data/PlaybackEngines/WebGLSupport/UnityEditor.WebGL.Extensions.dll
Register platform support module: C:/Program Files/Unity/Hub/Editor/2020.3.20f1/Editor/Data/PlaybackEngines/WindowsStandaloneSupport/UnityEditor.WindowsStandalone.Extensions.dll
Registered in 0.002221 seconds.
Native extension for WindowsStandalone target not found
Native extension for WebGL target not found
Refreshing native plugins compatible for Editor in 50.15 ms, found 2 plugins.
Preloading 0 native plugins for Editor in 0.00 ms.
Mono: successfully reloaded assembly
- Completed reload, in  2.116 seconds
Domain Reload Profiling:
	ReloadAssembly (2116ms)
		BeginReloadAssembly (52ms)
			ExecutionOrderSort (0ms)
			DisableScriptedObjects (0ms)
			BackupInstance (0ms)
			ReleaseScriptingObjects (0ms)
			CreateAndSetChildDomain (1ms)
		EndReloadAssembly (411ms)
			LoadAssemblies (50ms)
			RebuildTransferFunctionScriptingTraits (0ms)
			SetupTypeCache (142ms)
			ReleaseScriptCaches (0ms)
			RebuildScriptCaches (30ms)
			SetupLoadedEditorAssemblies (169ms)
				LogAssemblyErrors (0ms)
				InitializePlatformSupportModulesInManaged (4ms)
				SetLoadedEditorAssemblies (0ms)
				RefreshPlugins (50ms)
				BeforeProcessingInitializeOnLoad (15ms)
				ProcessInitializeOnLoadAttributes (71ms)
				ProcessInitializeOnLoadMethodAttributes (27ms)
				AfterProcessingInitializeOnLoad (0ms)
				EditorAssembliesLoaded (0ms)
			ExecutionOrderSort2 (0ms)
			AwakeInstancesAfterBackupRestoration (0ms)
Platform modules already initialized, skipping
Registering precompiled user dll's ...
Registered in 0.005070 seconds.
Begin MonoManager ReloadAssembly
Native extension for WindowsStandalone target not found
Native extension for WebGL target not found
Refreshing native plugins compatible for Editor in 0.67 ms, found 2 plugins.
Preloading 0 native plugins for Editor in 0.00 ms.
Mono: successfully reloaded assembly
- Completed reload, in  1.078 seconds
Domain Reload Profiling:
	ReloadAssembly (1078ms)
		BeginReloadAssembly (138ms)
			ExecutionOrderSort (0ms)
			DisableScriptedObjects (4ms)
			BackupInstance (0ms)
			ReleaseScriptingObjects (0ms)
			CreateAndSetChildDomain (17ms)
		EndReloadAssembly (871ms)
			LoadAssemblies (90ms)
			RebuildTransferFunctionScriptingTraits (0ms)
			SetupTypeCache (270ms)
			ReleaseScriptCaches (0ms)
			RebuildScriptCaches (50ms)
			SetupLoadedEditorAssemblies (372ms)
				LogAssemblyErrors (0ms)
				InitializePlatformSupportModulesInManaged (6ms)
				SetLoadedEditorAssemblies (1ms)
				RefreshPlugins (1ms)
				BeforeProcessingInitializeOnLoad (93ms)
				ProcessInitializeOnLoadAttributes (229ms)
				ProcessInitializeOnLoadMethodAttributes (37ms)
				AfterProcessingInitializeOnLoad (6ms)
				EditorAssembliesLoaded (0ms)
			ExecutionOrderSort2 (0ms)
			AwakeInstancesAfterBackupRestoration (6ms)
Platform modules already initialized, skipping
========================================================================
Worker process is ready to serve import requests
Launched and connected shader compiler UnityShaderCompiler.exe after 0.04 seconds
Refreshing native plugins compatible for Editor in 0.67 ms, found 2 plugins.
Preloading 0 native plugins for Editor in 0.00 ms.
Unloading 2181 Unused Serialized files (Serialized files now loaded: 0)
System memory in use before: 92.2 MB.
System memory in use after: 92.3 MB.

Unloading 57 unused Assets to reduce memory usage. Loaded Objects now: 2588.
Total: 9.766700 ms (FindLiveObjects: 0.291000 ms CreateObjectMapping: 0.111800 ms MarkObjects: 9.262200 ms  DeleteObjects: 0.099500 ms)

AssetImportParameters requested are different than current active one (requested -> active):
  custom:framework-win-MediaFoundation: 216162199b28c13a410421893ffa2e32 -> 
  custom:video-decoder-ogg-theora: a1e56fd34408186e4bbccfd4996cb3dc -> 
  custom:container-muxer-webm: aa71ff27fc2769a1b78a27578f13a17b -> 
  custom:container-demuxer-webm: 4f35f7cbe854078d1ac9338744f61a02 -> 
  custom:container-demuxer-ogg: 62fdf1f143b41e24485cea50d1cbac27 -> 
  custom:video-encoder-webm-vp8: eb34c28f22e8b96e1ab97ce403110664 -> 
  custom:video-decoder-webm-vp8: 9c59270c3fd7afecdb556c50c9e8de78 -> 
  custom:audio-decoder-ogg-vorbis: bf7c407c2cedff20999df2af8eb42d56 -> 
  custom:audio-encoder-webm-vorbis: bf7c407c2cedff20999df2af8eb42d56 -> 
========================================================================
Received Import Request.
  path: Assets/Scripts/RedRunner
  artifactKey: Guid(9de93ac6988b61e4fac360ffe29c6c4f) Importer(815301076,1909f56bfc062723c751e8b465ee728b)
Start importing Assets/Scripts/RedRunner using Guid(9de93ac6988b61e4fac360ffe29c6c4f) Importer(815301076,1909f56bfc062723c751e8b465ee728b)  -> (artifact id: '469bb09b68ab3cabf29ee9e890fb2717') in 0.011299 seconds 
  Import took 0.016104 seconds .

========================================================================
Received Import Request.
  Time since last request: 0.000333 seconds.
  path: Assets/Scripts
  artifactKey: Guid(b0cec2a7ee3ca1b45a37ed8cd1ed04fa) Importer(815301076,1909f56bfc062723c751e8b465ee728b)
Start importing Assets/Scripts using Guid(b0cec2a7ee3ca1b45a37ed8cd1ed04fa) Importer(815301076,1909f56bfc062723c751e8b465ee728b)  -> (artifact id: 'bdd6e8ab664f3aa2ff69cadcd8d14ae3') in 0.009288 seconds 
  Import took 0.015122 seconds .

========================================================================
Received Import Request.
  Time since last request: 61.915199 seconds.
  path: Assets/Scripts/RedRunner/Enemies
  artifactKey: Guid(2b13dbab3642c014ab2ee97aeb1b2498) Importer(815301076,1909f56bfc062723c751e8b465ee728b)
Start importing Assets/Scripts/RedRunner/Enemies using Guid(2b13dbab3642c014ab2ee97aeb1b2498) Importer(815301076,1909f56bfc062723c751e8b465ee728b)  -> (artifact id: '458da554a9121d4de071162e689a2af2') in 0.005857 seconds 
  Import took 0.009373 seconds .

========================================================================
Received Import Request.
  Time since last request: 1.052928 seconds.
  path: Assets/Scripts/RedRunner/Enemies/Eye.cs
  artifactKey: Guid(e7e2ae5edee015747b15b9b2e4e5c3d1) Importer(815301076,1909f56bfc062723c751e8b465ee728b)
Start importing Assets/Scripts/RedRunner/Enemies/Eye.cs using Guid(e7e2ae5edee015747b15b9b2e4e5c3d1) Importer(815301076,1909f56bfc062723c751e8b465ee728b)  -> (artifact id: '6ec68a6024bc2446e9903646449de869') in 0.082279 seconds 
  Import took 0.085701 seconds .

========================================================================
Received Import Request.
  Time since last request: 24.134680 seconds.
  path: Assets/Scripts/RedRunner/Enemies/EyesVariables.cs
  artifactKey: Guid(d17eec4d16b0b5940834ab8615224147) Importer(815301076,1909f56bfc062723c751e8b465ee728b)
Start importing Assets/Scripts/RedRunner/Enemies/EyesVariables.cs using Guid(d17eec4d16b0b5940834ab8615224147) Importer(815301076,1909f56bfc062723c751e8b465ee728b)  -> (artifact id: '82207f6f9a1bf807b7bc7101899cf025') in 0.020918 seconds 
  Import took 0.025183 seconds .

========================================================================
Received Import Request.
  Time since last request: 19.552938 seconds.
  path: Assets/Scripts/RedRunner/Enemies/EyesVariables.cs
  artifactKey: Guid(d17eec4d16b0b5940834ab8615224147) Importer(815301076,1909f56bfc062723c751e8b465ee728b)
Start importing Assets/Scripts/RedRunner/Enemies/EyesVariables.cs using Guid(d17eec4d16b0b5940834ab8615224147) Importer(815301076,1909f56bfc062723c751e8b465ee728b)  -> (artifact id: '940a7116b898c4fcf2a2fafd03ac28fe') in 0.002874 seconds 
  Import took 0.006887 seconds .

========================================================================
Received Import Request.
  Time since last request: 23.082866 seconds.
  path: Assets/Scripts/RedRunner/Enemies/Enemy.cs
  artifactKey: Guid(9d96063229d9f4b4cb6205668332b81b) Importer(815301076,1909f56bfc062723c751e8b465ee728b)
Start importing Assets/Scripts/RedRunner/Enemies/Enemy.cs using Guid(9d96063229d9f4b4cb6205668332b81b) Importer(815301076,1909f56bfc062723c751e8b465ee728b)  -> (artifact id: '390bac93ff94ec655f040452e04f7d8d') in 0.007007 seconds 
  Import took 0.011277 seconds .

========================================================================
Received Import Request.
  Time since last request: 62.981623 seconds.
  path: Assets/Scripts/RedRunner/Collectables/Coin.cs
  artifactKey: Guid(a2a1abfae994220489b5d1f45108bc40) Importer(815301076,1909f56bfc062723c751e8b465ee728b)
Start importing Assets/Scripts/RedRunner/Collectables/Coin.cs using Guid(a2a1abfae994220489b5d1f45108bc40) Importer(815301076,1909f56bfc062723c751e8b465ee728b)  -> (artifact id: '6280808fb6a7081d2aa3b1c50456cdaa') in 0.007577 seconds 
  Import took 0.011155 seconds .

========================================================================
Received Import Request.
  Time since last request: 28.765535 seconds.
  path: Assets/Scripts/RedRunner/Collectables/Collectable.cs
  artifactKey: Guid(655e556ac0f09604987ea957ba390e0b) Importer(815301076,1909f56bfc062723c751e8b465ee728b)
Start importing Assets/Scripts/RedRunner/Collectables/Collectable.cs using Guid(655e556ac0f09604987ea957ba390e0b) Importer(815301076,1909f56bfc062723c751e8b465ee728b)  -> (artifact id: '44b85c1a3dbe1ebe1e11be49692d58dd') in 0.006680 seconds 
  Import took 0.011649 seconds .

========================================================================
Received Import Request.
  Time since last request: 176.874524 seconds.
  path: Assets/Scripts/RedRunner/Collectables/Collectable.cs
  artifactKey: Guid(655e556ac0f09604987ea957ba390e0b) Importer(815301076,1909f56bfc062723c751e8b465ee728b)
Start importing Assets/Scripts/RedRunner/Collectables/Collectable.cs using Guid(655e556ac0f09604987ea957ba390e0b) Importer(815301076,1909f56bfc062723c751e8b465ee728b)  -> (artifact id: '30ab59350ee5edca363540fbf5bf36a8') in 0.002596 seconds 
  Import took 0.006498 seconds .

========================================================================
Received Import Request.
  Time since last request: 24.044498 seconds.
  path: Assets/Scripts/RedRunner/Collectables/Collectable.cs
  artifactKey: Guid(655e556ac0f09604987ea957ba390e0b) Importer(815301076,1909f56bfc062723c751e8b465ee728b)
Start importing Assets/Scripts/RedRunner/Collectables/Collectable.cs using Guid(655e556ac0f09604987ea957ba390e0b) Importer(815301076,1909f56bfc062723c751e8b465ee728b)  -> (artifact id: '2f9c02083f4224d8e0fd77da71eb7878') in 0.002704 seconds 
  Import took 0.008479 seconds .

========================================================================
Received Import Request.
  Time since last request: 230.084529 seconds.
  path: Assets/Scripts/RedRunner/TerrainGeneration/TerrainGenerator.cs
  artifactKey: Guid(9042a15d0ba753648a969eac5f3da58e) Importer(815301076,1909f56bfc062723c751e8b465ee728b)
Start importing Assets/Scripts/RedRunner/TerrainGeneration/TerrainGenerator.cs using Guid(9042a15d0ba753648a969eac5f3da58e) Importer(815301076,1909f56bfc062723c751e8b465ee728b)  -> (artifact id: '3d8fc0c5f58def53766d92f44b702f73') in 0.017805 seconds 
  Import took 0.022533 seconds .

========================================================================
Received Import Request.
  Time since last request: 9.491830 seconds.
  path: Assets/Scripts/RedRunner/TerrainGeneration/TerrainGeneratorVariables.cs
  artifactKey: Guid(7818757af3d59164bb90dfb79c63f2db) Importer(815301076,1909f56bfc062723c751e8b465ee728b)
Start importing Assets/Scripts/RedRunner/TerrainGeneration/TerrainGeneratorVariables.cs using Guid(7818757af3d59164bb90dfb79c63f2db) Importer(815301076,1909f56bfc062723c751e8b465ee728b)  -> (artifact id: '66592d7441d896d0e8bd1ead3be8252d') in 0.006507 seconds 
  Import took 0.011451 seconds .

========================================================================
Received Import Request.
  Time since last request: 542.406749 seconds.
  path: Assets/Scripts/RedRunner/TerrainGeneration
  artifactKey: Guid(ae980e4c3b3492649be91cbf1ad2bcb3) Importer(815301076,1909f56bfc062723c751e8b465ee728b)
Start importing Assets/Scripts/RedRunner/TerrainGeneration using Guid(ae980e4c3b3492649be91cbf1ad2bcb3) Importer(815301076,1909f56bfc062723c751e8b465ee728b)  -> (artifact id: 'd553f18f78c2282881545bea3eaa1559') in 0.008426 seconds 
  Import took 0.012683 seconds .

========================================================================
Received Import Request.
  Time since last request: 300.663388 seconds.
  path: Assets/Scripts/RedRunner/Enemies/Eye.cs
  artifactKey: Guid(e7e2ae5edee015747b15b9b2e4e5c3d1) Importer(815301076,1909f56bfc062723c751e8b465ee728b)
Start importing Assets/Scripts/RedRunner/Enemies/Eye.cs using Guid(e7e2ae5edee015747b15b9b2e4e5c3d1) Importer(815301076,1909f56bfc062723c751e8b465ee728b)  -> (artifact id: 'a2e3bbb43000a5f4781088189b76f1b7') in 0.004813 seconds 
  Import took 0.010240 seconds .

========================================================================
Received Import Request.
  Time since last request: 56.311176 seconds.
  path: Assets/Scripts/RedRunner/TerrainGeneration/RemoveTerrain.cs
  artifactKey: Guid(9cfbe1a05d0032b44a03bc7db1e8c4fc) Importer(815301076,1909f56bfc062723c751e8b465ee728b)
Start importing Assets/Scripts/RedRunner/TerrainGeneration/RemoveTerrain.cs using Guid(9cfbe1a05d0032b44a03bc7db1e8c4fc) Importer(815301076,1909f56bfc062723c751e8b465ee728b)  -> (artifact id: '4f03d3e718680c6b33691f4790605b93') in 0.007334 seconds 
  Import took 0.011492 seconds .

========================================================================
Received Import Request.
  Time since last request: 1693.477449 seconds.
  path: Assets/Scripts/RedRunner/Collectables/Chest.cs
  artifactKey: Guid(fc84e7d01b977c54ba7e8b2e566b554f) Importer(815301076,1909f56bfc062723c751e8b465ee728b)
Start importing Assets/Scripts/RedRunner/Collectables/Chest.cs using Guid(fc84e7d01b977c54ba7e8b2e566b554f) Importer(815301076,1909f56bfc062723c751e8b465ee728b)  -> (artifact id: '4661eed2205e931b22f8a71fb08f3abb') in 0.009893 seconds 
  Import took 0.015159 seconds .

========================================================================
Received Import Request.
  Time since last request: 58.684684 seconds.
  path: Assets/Scripts/RedRunner/Collectables/Chest.cs
  artifactKey: Guid(fc84e7d01b977c54ba7e8b2e566b554f) Importer(815301076,1909f56bfc062723c751e8b465ee728b)
Start importing Assets/Scripts/RedRunner/Collectables/Chest.cs using Guid(fc84e7d01b977c54ba7e8b2e566b554f) Importer(815301076,1909f56bfc062723c751e8b465ee728b)  -> (artifact id: 'a4dcca12fe2d4f42d240640c2e867732') in 0.002783 seconds 
  Import took 0.006318 seconds .

========================================================================
Received Import Request.
  Time since last request: 1452.519663 seconds.
  path: Assets/Scripts/RedRunner/Enemies/Spike.cs
  artifactKey: Guid(f163bf4328fe91640877b52d1dd363b8) Importer(815301076,1909f56bfc062723c751e8b465ee728b)
Start importing Assets/Scripts/RedRunner/Enemies/Spike.cs using Guid(f163bf4328fe91640877b52d1dd363b8) Importer(815301076,1909f56bfc062723c751e8b465ee728b)  -> (artifact id: '22dcec807eacdc646c2ea91b5bf702b8') in 0.007300 seconds 
  Import took 0.012534 seconds .

========================================================================
Received Import Request.
  Time since last request: 142.528103 seconds.
  path: Assets/Scripts/RedRunner/Enemies/Enemy.cs
  artifactKey: Guid(9d96063229d9f4b4cb6205668332b81b) Importer(815301076,1909f56bfc062723c751e8b465ee728b)
Start importing Assets/Scripts/RedRunner/Enemies/Enemy.cs using Guid(9d96063229d9f4b4cb6205668332b81b) Importer(815301076,1909f56bfc062723c751e8b465ee728b)  -> (artifact id: '4513dd113e18113fe0be97cfa40f8636') in 0.006112 seconds 
  Import took 0.012651 seconds .

AssetImportWorkerClient::OnTransportError - code=2 error=End of file
